<?xml version="1.0" encoding="UTF-8"?>
<!-- Generated by org.testng.reporters.JUnitReportReporter -->
<testsuite ignored="1" hostname="LAPTOP-T9VL9J16" failures="0" tests="3" name="basics.TableExample" time="10.499" errors="0" timestamp="02 Jan 2025 16:03:34 GMT" skipped="0">
  <testcase classname="basics.TableExample" name="getAllDetails" time="2.802"/>
  <testcase classname="basics.TableExample" name="getAllNames" time="4.616"/>
  <testcase classname="basics.TableExample" name="getTableHeadings" time="3.081"/>
  <testcase classname="basics.RadioButtonTest" name="verifyButtonBackgroundCOlor">
    <skipped/>
  </testcase> <!-- verifyButtonBackgroundCOlor -->
</testsuite> <!-- basics.TableExample -->
