<?xml version="1.0" encoding="UTF-8"?>
<!-- Generated by org.testng.reporters.JUnitReportReporter -->
<testsuite ignored="1" hostname="LAPTOP-T9VL9J16" failures="0" tests="3" name="basics.FacebookExample" time="6.836" errors="0" timestamp="03 Jan 2025 15:10:20 GMT" skipped="0">
  <testcase classname="basics.FacebookExample" name="enterLoginCredentials" time="2.085"/>
  <testcase classname="basics.FacebookExample" name="enterLoginCredentials" time="2.271"/>
  <testcase classname="basics.FacebookExample" name="enterLoginCredentials" time="2.480"/>
  <testcase classname="basics.RadioButtonTest" name="verifyButtonBackgroundCOlor">
    <skipped/>
  </testcase> <!-- verifyButtonBackgroundCOlor -->
</testsuite> <!-- basics.FacebookExample -->
