<?xml version="1.0" encoding="UTF-8"?>
<!-- Generated by org.testng.reporters.JUnitReportReporter -->
<testsuite ignored="1" hostname="LAPTOP-T9VL9J16" failures="1" tests="2" name="basics.LaunchBrowser" time="3.813" errors="0" timestamp="02 Jan 2025 16:03:34 GMT" skipped="1">
  <testcase classname="basics.LaunchBrowser" name="verifyCurrentURL" time="0.000">
    <skipped/>
  </testcase> <!-- verifyCurrentURL -->
  <testcase classname="basics.LaunchBrowser" name="verifyFlipkartTitle" time="3.813">
    <failure message="expected [Happy New Year] but found [Online Shopping Site for Mobiles, Electronics, Furniture, Grocery, Lifestyle, Books &amp; More. Best Offers!]" type="java.lang.AssertionError">
      <![CDATA[java.lang.AssertionError: expected [Happy New Year] but found [Online Shopping Site for Mobiles, Electronics, Furniture, Grocery, Lifestyle, Books & More. Best Offers!]
	at org.testng.Assert.fail(Assert.java:94)
	at org.testng.Assert.failNotEquals(Assert.java:513)
	at org.testng.Assert.assertEqualsImpl(Assert.java:135)
	at org.testng.Assert.assertEquals(Assert.java:116)
	at org.testng.Assert.assertEquals(Assert.java:190)
	at org.testng.Assert.assertEquals(Assert.java:200)
	at basics.LaunchBrowser.verifyFlipkartTitle(LaunchBrowser.java:32)
	at java.base/jdk.internal.reflect.DirectMethodHandleAccessor.invoke(DirectMethodHandleAccessor.java:103)
	at java.base/java.lang.reflect.Method.invoke(Method.java:580)
	at org.testng.internal.MethodInvocationHelper.invokeMethod(MethodInvocationHelper.java:104)
	at org.testng.internal.Invoker.invokeMethod(Invoker.java:645)
	at org.testng.internal.Invoker.invokeTestMethod(Invoker.java:851)
	at org.testng.internal.Invoker.invokeTestMethods(Invoker.java:1177)
	at org.testng.internal.TestMethodWorker.invokeTestMethods(TestMethodWorker.java:129)
	at org.testng.internal.TestMethodWorker.run(TestMethodWorker.java:112)
	at java.base/java.util.concurrent.ThreadPoolExecutor.runWorker(ThreadPoolExecutor.java:1144)
	at java.base/java.util.concurrent.ThreadPoolExecutor$Worker.run(ThreadPoolExecutor.java:642)
	at java.base/java.lang.Thread.run(Thread.java:1575)
]]>
    </failure>
  </testcase> <!-- verifyFlipkartTitle -->
  <testcase classname="basics.RadioButtonTest" name="verifyButtonBackgroundCOlor">
    <skipped/>
  </testcase> <!-- verifyButtonBackgroundCOlor -->
</testsuite> <!-- basics.LaunchBrowser -->
