<?xml version="1.0" encoding="UTF-8"?>
<!-- Generated by org.testng.reporters.JUnitReportReporter -->
<testsuite ignored="0" hostname="LAPTOP-T9VL9J16" failures="0" tests="3" name="basics.FacebookExample" time="6.278" errors="0" timestamp="03 Jan 2025 06:35:11 GMT" skipped="0">
  <testcase classname="basics.FacebookExample" name="enterLoginCredentials" time="1.906"/>
  <testcase classname="basics.FacebookExample" name="enterLoginCredentials" time="2.535"/>
  <testcase classname="basics.FacebookExample" name="enterLoginCredentials" time="1.837"/>
</testsuite> <!-- basics.FacebookExample -->
