<?xml version="1.0" encoding="UTF-8"?>
<!-- Generated by org.testng.reporters.JUnitReportReporter -->
<testsuite ignored="0" hostname="LAPTOP-T9VL9J16" failures="0" tests="3" name="basics.DataProviderExample" time="9.024" errors="0" timestamp="01 Jan 2025 15:41:50 GMT" skipped="0">
  <testcase classname="basics.DataProviderExample" name="enterProductforSearch" time="3.487"/>
  <testcase classname="basics.DataProviderExample" name="enterProductforSearch" time="2.873"/>
  <testcase classname="basics.DataProviderExample" name="enterProductforSearch" time="2.664"/>
</testsuite> <!-- basics.DataProviderExample -->
