<?xml version="1.0" encoding="UTF-8"?>
<!-- Generated by org.testng.reporters.JUnitReportReporter -->
<testsuite ignored="1" hostname="LAPTOP-T9VL9J16" failures="0" tests="3" name="basics.RadioButtonTest" time="8.617" errors="0" timestamp="06 Jan 2025 05:59:50 GMT" skipped="0">
  <testcase classname="basics.RadioButtonTest" name="verifyButtonText" time="3.215"/>
  <testcase classname="basics.RadioButtonTest" name="verifyMaleButtonIsEnabled" time="2.759"/>
  <testcase classname="basics.RadioButtonTest" name="verifyMaleButtonIsEnabled" time="2.643"/>
  <testcase classname="basics.RadioButtonTest" name="verifyButtonBackgroundCOlor">
    <skipped/>
  </testcase> <!-- verifyButtonBackgroundCOlor -->
</testsuite> <!-- basics.RadioButtonTest -->
