<?xml version="1.0" encoding="UTF-8"?>
<!-- Generated by org.testng.reporters.JUnitReportReporter -->
<testsuite ignored="1" hostname="LAPTOP-T9VL9J16" failures="0" tests="3" name="basics.TableExample" time="13.010" errors="0" timestamp="03 Jan 2025 15:10:20 GMT" skipped="0">
  <testcase classname="basics.TableExample" name="getAllDetails" time="6.065"/>
  <testcase classname="basics.TableExample" name="getAllNames" time="3.270"/>
  <testcase classname="basics.TableExample" name="getTableHeadings" time="3.675"/>
  <testcase classname="basics.RadioButtonTest" name="verifyButtonBackgroundCOlor">
    <skipped/>
  </testcase> <!-- verifyButtonBackgroundCOlor -->
</testsuite> <!-- basics.TableExample -->
