<?xml version="1.0" encoding="UTF-8"?>
<!-- Generated by org.testng.reporters.JUnitReportReporter -->
<testsuite ignored="0" hostname="LAPTOP-T9VL9J16" failures="0" tests="2" name="basics.AnnotationExample" time="0.013" errors="0" timestamp="31 Dec 2024 05:07:14 GMT" skipped="0">
  <testcase classname="basics.AnnotationExample" name="testcase2" time="0.003"/>
  <testcase classname="basics.AnnotationExample" name="testcase1" time="0.010"/>
</testsuite> <!-- basics.AnnotationExample -->
