<?xml version="1.0" encoding="UTF-8"?>
<!-- Generated by org.testng.reporters.JUnitReportReporter -->
<testsuite ignored="1" hostname="LAPTOP-T9VL9J16" failures="0" tests="3" name="basics.RadioButtonTest" time="14.139" errors="0" timestamp="02 Jan 2025 16:03:34 GMT" skipped="0">
  <testcase classname="basics.RadioButtonTest" name="verifyMaleButtonIsEnabled" time="3.073"/>
  <testcase classname="basics.RadioButtonTest" name="verifyButtonText" time="7.168"/>
  <testcase classname="basics.RadioButtonTest" name="verifyMaleButtonIsEnabled" time="3.898"/>
  <testcase classname="basics.RadioButtonTest" name="verifyButtonBackgroundCOlor">
    <skipped/>
  </testcase> <!-- verifyButtonBackgroundCOlor -->
</testsuite> <!-- basics.RadioButtonTest -->
