<?xml version="1.0" encoding="UTF-8"?>
<!-- Generated by org.testng.reporters.JUnitReportReporter -->
<testsuite ignored="1" hostname="LAPTOP-T9VL9J16" failures="0" tests="1" name="testcases.DatePickersTest" time="6.754" errors="0" timestamp="06 Jan 2025 05:55:36 GMT" skipped="0">
  <testcase classname="testcases.DatePickersTest" name="verifyShowDateButtonDisplayed" time="6.754"/>
  <testcase classname="testcases.DatePickersTest" name="verifyClickOnDatePicker">
    <skipped/>
  </testcase> <!-- verifyClickOnDatePicker -->
</testsuite> <!-- testcases.DatePickersTest -->
