<?xml version="1.0" encoding="UTF-8"?>
<!-- Generated by org.testng.reporters.JUnitReportReporter -->
<testsuite ignored="1" hostname="LAPTOP-T9VL9J16" failures="0" tests="1" name="testcases.InputFormTest" time="7.420" errors="0" timestamp="04 Jan 2025 15:44:41 GMT" skipped="0">
  <testcase classname="testcases.InputFormTest" name="verifyMessageBoxText" time="7.420"/>
  <testcase classname="testcases.InputFormTest" name="verifyButtonText">
    <skipped/>
  </testcase> <!-- verifyButtonText -->
</testsuite> <!-- testcases.InputFormTest -->
