<?xml version="1.0" encoding="UTF-8"?>
<!-- Generated by org.testng.reporters.JUnitReportReporter -->
<testsuite ignored="0" hostname="LAPTOP-T9VL9J16" failures="0" tests="1" name="testcases.AlertTest" time="5.315" errors="0" timestamp="07 Jan 2025 05:30:13 GMT" skipped="0">
  <testcase classname="testcases.AlertTest" name="verifyAutoSuccessButtonIsEnabled" time="5.315"/>
</testsuite> <!-- testcases.AlertTest -->
