<?xml version="1.0" encoding="UTF-8"?>
<!-- Generated by org.testng.reporters.JUnitReportReporter -->
<testsuite ignored="0" hostname="LAPTOP-T9VL9J16" failures="0" tests="1" name="testcases.HomeTest" time="9.702" errors="0" timestamp="04 Jan 2025 15:09:46 GMT" skipped="0">
  <testcase classname="testcases.HomeTest" name="verifyLogo" time="9.702"/>
</testsuite> <!-- testcases.HomeTest -->
